<?xml version="1.0" encoding="UTF-8"?>
<testng-results ignored="0" total="4" passed="4" failed="0" skipped="0">
  <reporter-output>
  </reporter-output>
  <suite started-at="2022-07-21T19:18:18 IST" name="Default suite" finished-at="2022-07-21T19:19:02 IST" duration-ms="43949">
    <groups>
    </groups>
    <test started-at="2022-07-21T19:18:18 IST" name="Default test" finished-at="2022-07-21T19:19:02 IST" duration-ms="43949">
      <class name="LoginTestCases.TestCase2">
        <test-method signature="test2(java.lang.String,java.lang.String)[pri:0, instance:LoginTestCases.TestCase2@3cc2931c]" started-at="2022-07-21T19:18:18 IST" name="test2" data-provider="logindata" finished-at="2022-07-21T19:18:32 IST" duration-ms="14111" status="PASS">
          <params>
            <param index="0">
              <value>
                <![CDATA[Admin]]>
              </value>
            </param>
            <param index="1">
              <value>
                <![CDATA[admin12]]>
              </value>
            </param>
          </params>
          <reporter-output>
          </reporter-output>
        </test-method> <!-- test2 -->
        <test-method signature="test2(java.lang.String,java.lang.String)[pri:0, instance:LoginTestCases.TestCase2@3cc2931c]" started-at="2022-07-21T19:18:32 IST" name="test2" data-provider="logindata" finished-at="2022-07-21T19:18:41 IST" duration-ms="9353" status="PASS">
          <params>
            <param index="0">
              <value>
                <![CDATA[Aadim]]>
              </value>
            </param>
            <param index="1">
              <value>
                <![CDATA[admin123]]>
              </value>
            </param>
          </params>
          <reporter-output>
          </reporter-output>
        </test-method> <!-- test2 -->
        <test-method signature="test2(java.lang.String,java.lang.String)[pri:0, instance:LoginTestCases.TestCase2@3cc2931c]" started-at="2022-07-21T19:18:41 IST" name="test2" data-provider="logindata" finished-at="2022-07-21T19:18:51 IST" duration-ms="9653" status="PASS">
          <params>
            <param index="0">
              <value>
                <![CDATA[adjij]]>
              </value>
            </param>
            <param index="1">
              <value>
                <![CDATA[shdajdb]]>
              </value>
            </param>
          </params>
          <reporter-output>
          </reporter-output>
        </test-method> <!-- test2 -->
        <test-method signature="test2(java.lang.String,java.lang.String)[pri:0, instance:LoginTestCases.TestCase2@3cc2931c]" started-at="2022-07-21T19:18:51 IST" name="test2" data-provider="logindata" finished-at="2022-07-21T19:19:02 IST" duration-ms="10667" status="PASS">
          <params>
            <param index="0">
              <value>
                <![CDATA[Admin]]>
              </value>
            </param>
            <param index="1">
              <value>
                <![CDATA[adin123]]>
              </value>
            </param>
          </params>
          <reporter-output>
          </reporter-output>
        </test-method> <!-- test2 -->
      </class> <!-- LoginTestCases.TestCase2 -->
    </test> <!-- Default test -->
  </suite> <!-- Default suite -->
</testng-results>
