<?xml version="1.0" encoding="UTF-8"?>
<!-- Generated by org.testng.reporters.JUnitXMLReporter -->
<testsuite ignored="0" hostname="DESKTOP-E4TVD5M" failures="0" tests="4" name="Default test" time="43.949" errors="0" timestamp="2022-07-21T19:19:02 IST">
  <testcase classname="LoginTestCases.TestCase2" name="test2" time="14.111"/>
  <testcase classname="LoginTestCases.TestCase2" name="test2" time="9.353"/>
  <testcase classname="LoginTestCases.TestCase2" name="test2" time="9.653"/>
  <testcase classname="LoginTestCases.TestCase2" name="test2" time="10.667"/>
</testsuite> <!-- Default test -->
