<?xml version="1.0" encoding="UTF-8"?>
<!-- Generated by org.testng.reporters.JUnitXMLReporter -->
<testsuite ignored="0" hostname="DESKTOP-E4TVD5M" failures="0" tests="4" name="Test cases" time="72.92" errors="0" timestamp="2022-07-21T09:45:05 IST">
  <testcase classname="LoginTestCases.TestCase1" name="test1" time="21.828"/>
  <testcase classname="LoginTestCases.TestCase2" name="test2" time="18.315"/>
  <testcase classname="LoginTestCases.TestCase3" name="test1" time="14.394"/>
  <testcase classname="LoginTestCases.TestCase4" name="test1" time="18.232"/>
</testsuite> <!-- Test cases -->
